<?xml version="1.0" encoding="UTF-8"?>
<!-- Generated by org.testng.reporters.JUnitReportReporter -->
<testsuite hostname="DESKTOP-L24K6OI" failures="0" tests="11" name="tests.CheckboxTest" time="0.013" errors="1" timestamp="2024-09-29T12:53:00 IST" skipped="10">
  <testcase classname="tests.CheckboxTest" name="openbrowser" time="0.013">
    <error message="Cannot invoke &quot;String.equals(Object)&quot; because &quot;browser&quot; is null" type="java.lang.NullPointerException">
      <![CDATA[java.lang.NullPointerException: Cannot invoke "String.equals(Object)" because "browser" is null
at baselibrary.Baselibrary.geturl(Baselibrary.java:29)
at tests.CheckboxTest.openbrowser(CheckboxTest.java:14)
at java.base/jdk.internal.reflect.NativeMethodAccessorImpl.invoke0(Native Method)
at java.base/jdk.internal.reflect.NativeMethodAccessorImpl.invoke(NativeMethodAccessorImpl.java:77)
at java.base/jdk.internal.reflect.DelegatingMethodAccessorImpl.invoke(DelegatingMethodAccessorImpl.java:43)
at java.base/java.lang.reflect.Method.invoke(Method.java:568)
at org.testng.internal.MethodInvocationHelper.invokeMethod(MethodInvocationHelper.java:133)
at org.testng.internal.MethodInvocationHelper.invokeMethodConsideringTimeout(MethodInvocationHelper.java:62)
at org.testng.internal.ConfigInvoker.invokeConfigurationMethod(ConfigInvoker.java:385)
at org.testng.internal.ConfigInvoker.invokeConfigurations(ConfigInvoker.java:321)
at org.testng.TestRunner.invokeTestConfigurations(TestRunner.java:637)
at org.testng.TestRunner.beforeRun(TestRunner.java:627)
at org.testng.TestRunner.run(TestRunner.java:589)
at org.testng.SuiteRunner.runTest(SuiteRunner.java:377)
at org.testng.SuiteRunner.runSequentially(SuiteRunner.java:371)
at org.testng.SuiteRunner.privateRun(SuiteRunner.java:332)
at org.testng.SuiteRunner.run(SuiteRunner.java:276)
at org.testng.SuiteRunnerWorker.runSuite(SuiteRunnerWorker.java:53)
at org.testng.SuiteRunnerWorker.run(SuiteRunnerWorker.java:96)
at org.testng.TestNG.runSuitesSequentially(TestNG.java:1212)
at org.testng.TestNG.runSuitesLocally(TestNG.java:1134)
at org.testng.TestNG.runSuites(TestNG.java:1063)
at org.testng.TestNG.run(TestNG.java:1031)
at org.testng.remote.AbstractRemoteTestNG.run(AbstractRemoteTestNG.java:115)
at org.testng.remote.RemoteTestNG.initAndRun(RemoteTestNG.java:293)
at org.testng.remote.RemoteTestNG.main(RemoteTestNG.java:91)
]]>
    </error>
  </testcase> <!-- openbrowser -->
  <system-out/>
  <testcase classname="tests.CheckboxTest" name="close" time="0.000">
    <skipped/>
  </testcase> <!-- close -->
  <system-out/>
  <testcase classname="tests.CheckboxTest" name="practice" time="0.000">
    <skipped/>
  </testcase> <!-- practice -->
  <system-out/>
  <testcase classname="tests.CheckboxTest" name="elements" time="0.000">
    <skipped/>
  </testcase> <!-- elements -->
  <system-out/>
  <testcase classname="tests.CheckboxTest" name="checkbox" time="0.000">
    <skipped/>
  </testcase> <!-- checkbox -->
  <system-out/>
  <testcase classname="tests.CheckboxTest" name="mobile" time="0.000">
    <skipped/>
  </testcase> <!-- mobile -->
  <system-out/>
  <testcase classname="tests.CheckboxTest" name="validate" time="0.000">
    <skipped/>
  </testcase> <!-- validate -->
  <system-out/>
  <testcase classname="tests.CheckboxTest" name="validated" time="0.000">
    <skipped/>
  </testcase> <!-- validated -->
  <system-out/>
  <testcase classname="tests.CheckboxTest" name="validatelaptoptext" time="0.000">
    <skipped/>
  </testcase> <!-- validatelaptoptext -->
  <system-out/>
  <testcase classname="tests.CheckboxTest" name="clickondesktops" time="0.000">
    <skipped/>
  </testcase> <!-- clickondesktops -->
  <system-out/>
  <testcase classname="tests.CheckboxTest" name="desktoptextcall" time="0.000">
    <skipped/>
  </testcase> <!-- desktoptextcall -->
  <system-out/>
</testsuite> <!-- tests.CheckboxTest -->
